2025-11-12 13:05:44.704 xcodebuild[43376:8151910] Writing error result bundle to /var/folders/mk/_v1zggj54yv58cct2lbsjs140000gn/T/ResultBundle_2025-12-11_13-05-0044.xcresult
xcodebuild: error: Unable to find a destination matching the provided destination specifier:
		{ id:279C42B1-BB07-472E-87D1-571C676BA0CD }

	Available destinations for the "FBLAMemberAppA1" scheme:
		{ platform:macOS, arch:arm64, variant:Designed for [iPad,iPhone], id:00006001-000C51CA2204401E, name:My Mac }
		{ platform:iOS, arch:arm64, id:00008140-001105A922E8401C, name:iVarma }
		{ platform:iOS, id:dvtdevice-DVTiPhonePlaceholder-iphoneos:placeholder, name:Any iOS Device }
		{ platform:iOS Simulator, id:dvtdevice-DVTiOSDeviceSimulatorPlaceholder-iphonesimulator:placeholder, name:Any iOS Simulator Device }
		{ platform:iOS Simulator, arch:arm64, id:8AECC10E-7777-4787-93A5-AC03A736D509, OS:26.1, name:iPad (A16) }
		{ platform:iOS Simulator, arch:arm64, id:8A5B7754-1449-410D-884C-E476CA530FEC, OS:26.1, name:iPad Air 11-inch (M3) }
		{ platform:iOS Simulator, arch:arm64, id:B888C4EC-E0BC-476E-A602-63AB56CC07EC, OS:26.1, name:iPad Air 13-inch (M3) }
		{ platform:iOS Simulator, arch:arm64, id:14C1F98C-476D-4740-B31B-4D1AFE6DB162, OS:26.1, name:iPad Pro 11-inch (M5) }
		{ platform:iOS Simulator, arch:arm64, id:F3DA6474-934B-4FA7-A7BE-755EEDAE7FB3, OS:26.1, name:iPad Pro 13-inch (M5) }
		{ platform:iOS Simulator, arch:arm64, id:D57EBB59-4774-4B14-A7D2-37009BE1E1D1, OS:26.1, name:iPad mini (A17 Pro) }
		{ platform:iOS Simulator, arch:arm64, id:14122ABF-2EBF-4B0D-AC29-CC92D99A3EEA, OS:26.1, name:iPhone 16 Pro Max }
		{ platform:iOS Simulator, arch:arm64, id:F98129B8-50C3-4FB9-8655-D8A120078972, OS:26.1, name:iPhone 16e }
		{ platform:iOS Simulator, arch:arm64, id:827A0302-AB71-4BDF-A151-DDEB6B2BD406, OS:26.1, name:iPhone 17 }
		{ platform:iOS Simulator, arch:arm64, id:5FFE855D-1D2A-49A0-84B6-6A8FD8529077, OS:26.1, name:iPhone 17 Pro }
		{ platform:iOS Simulator, arch:arm64, id:8D2A2B28-7DA7-4A7D-A366-552A5A62C659, OS:26.1, name:iPhone 17 Pro Max }
		{ platform:iOS Simulator, arch:arm64, id:D36CA860-7A2C-4824-BD7C-701EA712013C, OS:26.1, name:iPhone Air }
